0 info it worked if it ends with ok
1 verbose cli [ '/usr/local/bin/node',
1 verbose cli   '/usr/local/bin/npm',
1 verbose cli   'install',
1 verbose cli   'express-generator',
1 verbose cli   '-g' ]
2 info using npm@2.15.1
3 info using node@v4.4.3
4 verbose install initial load of /usr/local/lib/package.json
5 verbose readDependencies loading dependencies from /usr/local/lib/package.json
6 silly cache add args [ 'express-generator', null ]
7 verbose cache add spec express-generator
8 silly cache add parsed spec Result {
8 silly cache add   raw: 'express-generator',
8 silly cache add   scope: null,
8 silly cache add   name: 'express-generator',
8 silly cache add   rawSpec: '',
8 silly cache add   spec: 'latest',
8 silly cache add   type: 'tag' }
9 silly addNamed express-generator@latest
10 verbose addNamed "latest" is being treated as a dist-tag for express-generator
11 info addNameTag [ 'express-generator', 'latest' ]
12 silly mapToRegistry name express-generator
13 silly mapToRegistry using default registry
14 silly mapToRegistry registry https://registry.npmjs.org/
15 silly mapToRegistry data Result {
15 silly mapToRegistry   raw: 'express-generator',
15 silly mapToRegistry   scope: null,
15 silly mapToRegistry   name: 'express-generator',
15 silly mapToRegistry   rawSpec: '',
15 silly mapToRegistry   spec: 'latest',
15 silly mapToRegistry   type: 'tag' }
16 silly mapToRegistry uri https://registry.npmjs.org/express-generator
17 verbose addNameTag registry:https://registry.npmjs.org/express-generator not in flight; fetching
18 verbose request uri https://registry.npmjs.org/express-generator
19 verbose request no auth needed
20 info attempt registry request try #1 at 12:47:56 PM
21 verbose request id 885396bee92d5ae3
22 verbose etag W/"5844f4e9-8dc5"
23 verbose lastModified Mon, 05 Dec 2016 05:02:33 GMT
24 http request GET https://registry.npmjs.org/express-generator
25 http 304 https://registry.npmjs.org/express-generator
26 verbose headers { date: 'Wed, 01 Feb 2017 17:47:57 GMT',
26 verbose headers   via: '1.1 varnish',
26 verbose headers   'cache-control': 'max-age=300',
26 verbose headers   etag: 'W/"5844f4e9-8dc5"',
26 verbose headers   age: '182',
26 verbose headers   connection: 'keep-alive',
26 verbose headers   'x-served-by': 'cache-yyz8332-YYZ',
26 verbose headers   'x-cache': 'HIT',
26 verbose headers   'x-cache-hits': '4',
26 verbose headers   'x-timer': 'S1485971277.502630,VS0,VE0',
26 verbose headers   vary: 'Accept-Encoding' }
27 silly get cb [ 304,
27 silly get   { date: 'Wed, 01 Feb 2017 17:47:57 GMT',
27 silly get     via: '1.1 varnish',
27 silly get     'cache-control': 'max-age=300',
27 silly get     etag: 'W/"5844f4e9-8dc5"',
27 silly get     age: '182',
27 silly get     connection: 'keep-alive',
27 silly get     'x-served-by': 'cache-yyz8332-YYZ',
27 silly get     'x-cache': 'HIT',
27 silly get     'x-cache-hits': '4',
27 silly get     'x-timer': 'S1485971277.502630,VS0,VE0',
27 silly get     vary: 'Accept-Encoding' } ]
28 verbose etag https://registry.npmjs.org/express-generator from cache
29 verbose get saving express-generator to /Users/yujun-yeong/.npm/registry.npmjs.org/express-generator/.cache.json
30 verbose correctMkdir /Users/yujun-yeong/.npm correctMkdir not in flight; initializing
31 silly addNameTag next cb for express-generator with tag latest
32 silly addNamed express-generator@4.14.0
33 verbose addNamed "4.14.0" is a plain semver version for express-generator
34 silly cache afterAdd express-generator@4.14.0
35 verbose afterAdd /Users/yujun-yeong/.npm/express-generator/4.14.0/package/package.json not in flight; writing
36 verbose correctMkdir /Users/yujun-yeong/.npm correctMkdir not in flight; initializing
37 verbose afterAdd /Users/yujun-yeong/.npm/express-generator/4.14.0/package/package.json written
38 silly install resolved [ { name: 'express-generator',
38 silly install resolved     description: 'Express\' application generator',
38 silly install resolved     version: '4.14.0',
38 silly install resolved     author: { name: 'TJ Holowaychuk', email: 'tj@vision-media.ca' },
38 silly install resolved     contributors: [ [Object], [Object], [Object], [Object], [Object], [Object] ],
38 silly install resolved     keywords:
38 silly install resolved      [ 'express',
38 silly install resolved        'framework',
38 silly install resolved        'sinatra',
38 silly install resolved        'web',
38 silly install resolved        'rest',
38 silly install resolved        'restful',
38 silly install resolved        'router',
38 silly install resolved        'app',
38 silly install resolved        'api' ],
38 silly install resolved     repository: { type: 'git', url: 'https://github.com/expressjs/generator' },
38 silly install resolved     license: 'MIT',
38 silly install resolved     dependencies: { commander: '2.9.0', mkdirp: '0.5.1', 'sorted-object': '2.0.0' },
38 silly install resolved     main: 'bin/express',
38 silly install resolved     preferGlobal: true,
38 silly install resolved     bin: { express: './bin/express' },
38 silly install resolved     devDependencies:
38 silly install resolved      { mocha: '2.5.3',
38 silly install resolved        rimraf: '2.5.2',
38 silly install resolved        supertest: '1.2.0',
38 silly install resolved        'validate-npm-package-name': '2.2.2' },
38 silly install resolved     engines: { node: '>= 0.10' },
38 silly install resolved     files: [ 'LICENSE', 'bin/', 'templates/' ],
38 silly install resolved     scripts:
38 silly install resolved      { test: 'mocha --reporter spec --bail --check-leaks test/',
38 silly install resolved        'test-ci': 'mocha --reporter spec --check-leaks test/' },
38 silly install resolved     gitHead: '7282cbf48bc619be28d0f865ee2b996b9dd19205',
38 silly install resolved     bugs: { url: 'https://github.com/expressjs/generator/issues' },
38 silly install resolved     homepage: 'https://github.com/expressjs/generator',
38 silly install resolved     _id: 'express-generator@4.14.0',
38 silly install resolved     _shasum: '4abff6edd5b92dfc47f9967e1ce6b4c7164e6ab8',
38 silly install resolved     _from: 'express-generator@latest',
38 silly install resolved     _npmVersion: '1.4.28',
38 silly install resolved     _npmUser: { name: 'dougwilson', email: 'doug@somethingdoug.com' },
38 silly install resolved     maintainers: [ [Object] ],
38 silly install resolved     dist:
38 silly install resolved      { shasum: '4abff6edd5b92dfc47f9967e1ce6b4c7164e6ab8',
38 silly install resolved        tarball: 'https://registry.npmjs.org/express-generator/-/express-generator-4.14.0.tgz' },
38 silly install resolved     _npmOperationalInternal:
38 silly install resolved      { host: 'packages-18-east.internal.npmjs.com',
38 silly install resolved        tmp: 'tmp/express-generator-4.14.0.tgz_1477927603329_0.3608366388361901' },
38 silly install resolved     directories: {},
38 silly install resolved     _resolved: 'https://registry.npmjs.org/express-generator/-/express-generator-4.14.0.tgz',
38 silly install resolved     readme: 'ERROR: No README data found!' } ]
39 info install express-generator@4.14.0 into /usr/local/lib
40 info installOne express-generator@4.14.0
41 verbose installOne of express-generator to /usr/local/lib not in flight; installing
42 verbose correctMkdir /Users/yujun-yeong/.npm/_locks correctMkdir not in flight; initializing
43 verbose lock using /Users/yujun-yeong/.npm/_locks/express-generator-d3cc1706f4adef09.lock for /usr/local/lib/node_modules/express-generator
44 silly install write writing express-generator 4.14.0 to /usr/local/lib/node_modules/express-generator
45 verbose unbuild lib/node_modules/express-generator
46 info preuninstall express-generator@4.14.0
47 info uninstall express-generator@4.14.0
48 verbose unbuild rmStuff express-generator@4.14.0 from /usr/local/lib/node_modules
49 silly gentlyRm /usr/local/bin/express is being gently removed
50 silly gentlyRm verifying /usr/local is an npm working directory
51 silly gentlyRm containing path /usr/local is under npm's control, in /usr/local
52 silly gentlyRm deletion target /usr/local/bin/express is under /usr/local
53 verbose gentlyRm vacuuming from /usr/local/bin/express up to /usr/local
54 silly vacuum-fs removing /usr/local/bin/express
55 silly vacuum-fs quitting because other entries in /usr/local/bin
56 info postuninstall express-generator@4.14.0
57 silly gentlyRm /usr/local/lib/node_modules/express-generator is being purged from base /usr/local
58 verbose gentlyRm don't care about contents; nuking /usr/local/lib/node_modules/express-generator
59 silly vacuum-fs purging /usr/local/lib/node_modules/express-generator
60 verbose unlock done using /Users/yujun-yeong/.npm/_locks/express-generator-d3cc1706f4adef09.lock for /usr/local/lib/node_modules/express-generator
61 verbose stack Error: EACCES: permission denied, rmdir '/usr/local/lib/node_modules/express-generator'
61 verbose stack     at Error (native)
62 verbose cwd /Users/yujun-yeong/yu/college/Semester03/COMP2068 - Advanced Web Programming/COMP2068/Lesson4-Part1
63 error Darwin 15.6.0
64 error argv "/usr/local/bin/node" "/usr/local/bin/npm" "install" "express-generator" "-g"
65 error node v4.4.3
66 error npm  v2.15.1
67 error path /usr/local/lib/node_modules/express-generator
68 error code EACCES
69 error errno -13
70 error syscall rmdir
71 error Error: EACCES: permission denied, rmdir '/usr/local/lib/node_modules/express-generator'
71 error     at Error (native)
71 error  { [Error: EACCES: permission denied, rmdir '/usr/local/lib/node_modules/express-generator']
71 error   errno: -13,
71 error   code: 'EACCES',
71 error   syscall: 'rmdir',
71 error   path: '/usr/local/lib/node_modules/express-generator' }
72 error Please try running this command again as root/Administrator.
73 verbose exit [ -13, true ]
74 verbose unbuild lib/node_modules/express-generator
75 info preuninstall express-generator@4.14.0
76 info uninstall express-generator@4.14.0
77 verbose unbuild rmStuff express-generator@4.14.0 from /usr/local/lib/node_modules
78 silly gentlyRm /usr/local/bin/express is being gently removed
79 silly gentlyRm verifying /usr/local is an npm working directory
80 silly gentlyRm containing path /usr/local is under npm's control, in /usr/local
81 silly gentlyRm deletion target /usr/local/bin/express is under /usr/local
82 verbose gentlyRm vacuuming from /usr/local/bin/express up to /usr/local
83 info postuninstall express-generator@4.14.0
84 silly gentlyRm /usr/local/lib/node_modules/express-generator is being purged from base /usr/local
85 verbose gentlyRm don't care about contents; nuking /usr/local/lib/node_modules/express-generator
86 silly vacuum-fs purging /usr/local/lib/node_modules/express-generator
87 error error rolling back Error: EACCES: permission denied, rmdir '/usr/local/lib/node_modules/express-generator'
87 error error rolling back     at Error (native)
87 error error rolling back  { [Error: EACCES: permission denied, rmdir '/usr/local/lib/node_modules/express-generator']
87 error error rolling back   errno: -13,
87 error error rolling back   code: 'EACCES',
87 error error rolling back   syscall: 'rmdir',
87 error error rolling back   path: '/usr/local/lib/node_modules/express-generator' }
