0 info it worked if it ends with ok
1 verbose cli [ '/usr/local/bin/node', '/usr/local/bin/npm', 'install' ]
2 info using npm@2.15.1
3 info using node@v4.4.3
4 verbose readDependencies loading dependencies from /Users/yujun-yeong/yu/college/Semester03/COMP2068 - Advanced Web Programming/workspace/Assignment1/public/package.json
5 warn package.json angular-quickstart@1.0.0 No description
6 warn package.json angular-quickstart@1.0.0 No repository field.
7 warn package.json angular-quickstart@1.0.0 No README data
8 verbose install where, deps [ '/Users/yujun-yeong/yu/college/Semester03/COMP2068 - Advanced Web Programming/workspace/Assignment1/public',
8 verbose install   [ '@angular/common',
8 verbose install     '@angular/compiler',
8 verbose install     '@angular/core',
8 verbose install     '@angular/forms',
8 verbose install     '@angular/http',
8 verbose install     '@angular/platform-browser',
8 verbose install     '@angular/platform-browser-dynamic',
8 verbose install     '@angular/router',
8 verbose install     '@angular/upgrade',
8 verbose install     'systemjs',
8 verbose install     'angular-in-memory-web-api',
8 verbose install     'core-js',
8 verbose install     'reflect-metadata',
8 verbose install     'rxjs',
8 verbose install     'zone.js',
8 verbose install     'concurrently',
8 verbose install     'lite-server',
8 verbose install     'typescript',
8 verbose install     'typings' ] ]
9 verbose install where, peers [ '/Users/yujun-yeong/yu/college/Semester03/COMP2068 - Advanced Web Programming/workspace/Assignment1/public',
9 verbose install   [] ]
10 verbose installManyTop reading for lifecycle /Users/yujun-yeong/yu/college/Semester03/COMP2068 - Advanced Web Programming/workspace/Assignment1/public/package.json
11 info preinstall angular-quickstart@1.0.0
12 verbose installManyTop reading scoped package data from /Users/yujun-yeong/yu/college/Semester03/COMP2068 - Advanced Web Programming/workspace/Assignment1/public/node_modules/angular-in-memory-web-api/package.json
13 verbose installManyTop reading scoped package data from /Users/yujun-yeong/yu/college/Semester03/COMP2068 - Advanced Web Programming/workspace/Assignment1/public/node_modules/concurrently/package.json
14 verbose installManyTop reading scoped package data from /Users/yujun-yeong/yu/college/Semester03/COMP2068 - Advanced Web Programming/workspace/Assignment1/public/node_modules/core-js/package.json
15 verbose installManyTop reading scoped package data from /Users/yujun-yeong/yu/college/Semester03/COMP2068 - Advanced Web Programming/workspace/Assignment1/public/node_modules/lite-server/package.json
16 verbose installManyTop reading scoped package data from /Users/yujun-yeong/yu/college/Semester03/COMP2068 - Advanced Web Programming/workspace/Assignment1/public/node_modules/reflect-metadata/package.json
17 verbose installManyTop reading scoped package data from /Users/yujun-yeong/yu/college/Semester03/COMP2068 - Advanced Web Programming/workspace/Assignment1/public/node_modules/rxjs/package.json
18 verbose installManyTop reading scoped package data from /Users/yujun-yeong/yu/college/Semester03/COMP2068 - Advanced Web Programming/workspace/Assignment1/public/node_modules/systemjs/package.json
19 verbose installManyTop reading scoped package data from /Users/yujun-yeong/yu/college/Semester03/COMP2068 - Advanced Web Programming/workspace/Assignment1/public/node_modules/typescript/package.json
20 verbose installManyTop reading scoped package data from /Users/yujun-yeong/yu/college/Semester03/COMP2068 - Advanced Web Programming/workspace/Assignment1/public/node_modules/typings/package.json
21 verbose installManyTop reading scoped package data from /Users/yujun-yeong/yu/college/Semester03/COMP2068 - Advanced Web Programming/workspace/Assignment1/public/node_modules/zone.js/package.json
22 verbose installManyTop reading scoped package data from /Users/yujun-yeong/yu/college/Semester03/COMP2068 - Advanced Web Programming/workspace/Assignment1/public/node_modules/@angular/common/package.json
23 verbose installManyTop reading scoped package data from /Users/yujun-yeong/yu/college/Semester03/COMP2068 - Advanced Web Programming/workspace/Assignment1/public/node_modules/@angular/compiler/package.json
24 verbose installManyTop reading scoped package data from /Users/yujun-yeong/yu/college/Semester03/COMP2068 - Advanced Web Programming/workspace/Assignment1/public/node_modules/@angular/core/package.json
25 verbose installManyTop reading scoped package data from /Users/yujun-yeong/yu/college/Semester03/COMP2068 - Advanced Web Programming/workspace/Assignment1/public/node_modules/@angular/forms/package.json
26 verbose installManyTop reading scoped package data from /Users/yujun-yeong/yu/college/Semester03/COMP2068 - Advanced Web Programming/workspace/Assignment1/public/node_modules/@angular/http/package.json
27 verbose installManyTop reading scoped package data from /Users/yujun-yeong/yu/college/Semester03/COMP2068 - Advanced Web Programming/workspace/Assignment1/public/node_modules/@angular/platform-browser/package.json
28 verbose installManyTop reading scoped package data from /Users/yujun-yeong/yu/college/Semester03/COMP2068 - Advanced Web Programming/workspace/Assignment1/public/node_modules/@angular/platform-browser-dynamic/package.json
29 verbose installManyTop reading scoped package data from /Users/yujun-yeong/yu/college/Semester03/COMP2068 - Advanced Web Programming/workspace/Assignment1/public/node_modules/@angular/router/package.json
30 verbose installManyTop reading scoped package data from /Users/yujun-yeong/yu/college/Semester03/COMP2068 - Advanced Web Programming/workspace/Assignment1/public/node_modules/@angular/upgrade/package.json
31 verbose readDependencies loading dependencies from /Users/yujun-yeong/yu/college/Semester03/COMP2068 - Advanced Web Programming/workspace/Assignment1/public/package.json
32 verbose targetResolver reading package data from /Users/yujun-yeong/yu/college/Semester03/COMP2068 - Advanced Web Programming/workspace/Assignment1/public/node_modules/angular-in-memory-web-api/package.json
33 verbose targetResolver reading package data from /Users/yujun-yeong/yu/college/Semester03/COMP2068 - Advanced Web Programming/workspace/Assignment1/public/node_modules/concurrently/package.json
34 verbose targetResolver reading package data from /Users/yujun-yeong/yu/college/Semester03/COMP2068 - Advanced Web Programming/workspace/Assignment1/public/node_modules/core-js/package.json
35 verbose targetResolver reading package data from /Users/yujun-yeong/yu/college/Semester03/COMP2068 - Advanced Web Programming/workspace/Assignment1/public/node_modules/lite-server/package.json
36 verbose targetResolver reading package data from /Users/yujun-yeong/yu/college/Semester03/COMP2068 - Advanced Web Programming/workspace/Assignment1/public/node_modules/reflect-metadata/package.json
37 verbose targetResolver reading package data from /Users/yujun-yeong/yu/college/Semester03/COMP2068 - Advanced Web Programming/workspace/Assignment1/public/node_modules/rxjs/package.json
38 verbose targetResolver reading package data from /Users/yujun-yeong/yu/college/Semester03/COMP2068 - Advanced Web Programming/workspace/Assignment1/public/node_modules/systemjs/package.json
39 verbose targetResolver reading package data from /Users/yujun-yeong/yu/college/Semester03/COMP2068 - Advanced Web Programming/workspace/Assignment1/public/node_modules/typescript/package.json
40 verbose targetResolver reading package data from /Users/yujun-yeong/yu/college/Semester03/COMP2068 - Advanced Web Programming/workspace/Assignment1/public/node_modules/typings/package.json
41 verbose targetResolver reading package data from /Users/yujun-yeong/yu/college/Semester03/COMP2068 - Advanced Web Programming/workspace/Assignment1/public/node_modules/zone.js/package.json
42 verbose targetResolver reading package data from /Users/yujun-yeong/yu/college/Semester03/COMP2068 - Advanced Web Programming/workspace/Assignment1/public/node_modules/.bin/concurrent/package.json
43 verbose targetResolver reading package data from /Users/yujun-yeong/yu/college/Semester03/COMP2068 - Advanced Web Programming/workspace/Assignment1/public/node_modules/.bin/concurrently/package.json
44 verbose targetResolver reading package data from /Users/yujun-yeong/yu/college/Semester03/COMP2068 - Advanced Web Programming/workspace/Assignment1/public/node_modules/.bin/lite-server/package.json
45 verbose targetResolver reading package data from /Users/yujun-yeong/yu/college/Semester03/COMP2068 - Advanced Web Programming/workspace/Assignment1/public/node_modules/.bin/tsc/package.json
46 verbose targetResolver reading package data from /Users/yujun-yeong/yu/college/Semester03/COMP2068 - Advanced Web Programming/workspace/Assignment1/public/node_modules/.bin/tsserver/package.json
47 verbose targetResolver reading package data from /Users/yujun-yeong/yu/college/Semester03/COMP2068 - Advanced Web Programming/workspace/Assignment1/public/node_modules/.bin/typings/package.json
48 verbose targetResolver reading package data from /Users/yujun-yeong/yu/college/Semester03/COMP2068 - Advanced Web Programming/workspace/Assignment1/public/node_modules/@angular/common/package.json
49 verbose targetResolver reading package data from /Users/yujun-yeong/yu/college/Semester03/COMP2068 - Advanced Web Programming/workspace/Assignment1/public/node_modules/@angular/compiler/package.json
50 verbose targetResolver reading package data from /Users/yujun-yeong/yu/college/Semester03/COMP2068 - Advanced Web Programming/workspace/Assignment1/public/node_modules/@angular/core/package.json
51 verbose targetResolver reading package data from /Users/yujun-yeong/yu/college/Semester03/COMP2068 - Advanced Web Programming/workspace/Assignment1/public/node_modules/@angular/forms/package.json
52 verbose targetResolver reading package data from /Users/yujun-yeong/yu/college/Semester03/COMP2068 - Advanced Web Programming/workspace/Assignment1/public/node_modules/@angular/http/package.json
53 verbose targetResolver reading package data from /Users/yujun-yeong/yu/college/Semester03/COMP2068 - Advanced Web Programming/workspace/Assignment1/public/node_modules/@angular/platform-browser/package.json
54 verbose targetResolver reading package data from /Users/yujun-yeong/yu/college/Semester03/COMP2068 - Advanced Web Programming/workspace/Assignment1/public/node_modules/@angular/platform-browser-dynamic/package.json
55 verbose targetResolver reading package data from /Users/yujun-yeong/yu/college/Semester03/COMP2068 - Advanced Web Programming/workspace/Assignment1/public/node_modules/@angular/router/package.json
56 verbose targetResolver reading package data from /Users/yujun-yeong/yu/college/Semester03/COMP2068 - Advanced Web Programming/workspace/Assignment1/public/node_modules/@angular/upgrade/package.json
57 verbose already installed skipping angular-in-memory-web-api@~0.1.17 /Users/yujun-yeong/yu/college/Semester03/COMP2068 - Advanced Web Programming/workspace/Assignment1/public
58 verbose already installed skipping core-js@^2.4.1 /Users/yujun-yeong/yu/college/Semester03/COMP2068 - Advanced Web Programming/workspace/Assignment1/public
59 verbose already installed skipping reflect-metadata@^0.1.8 /Users/yujun-yeong/yu/college/Semester03/COMP2068 - Advanced Web Programming/workspace/Assignment1/public
60 verbose already installed skipping rxjs@^5.0.1 /Users/yujun-yeong/yu/college/Semester03/COMP2068 - Advanced Web Programming/workspace/Assignment1/public
61 verbose already installed skipping zone.js@^0.7.4 /Users/yujun-yeong/yu/college/Semester03/COMP2068 - Advanced Web Programming/workspace/Assignment1/public
62 verbose already installed skipping concurrently@^3.0.0 /Users/yujun-yeong/yu/college/Semester03/COMP2068 - Advanced Web Programming/workspace/Assignment1/public
63 verbose already installed skipping lite-server@^2.2.2 /Users/yujun-yeong/yu/college/Semester03/COMP2068 - Advanced Web Programming/workspace/Assignment1/public
64 verbose already installed skipping typescript@^1.8.2 /Users/yujun-yeong/yu/college/Semester03/COMP2068 - Advanced Web Programming/workspace/Assignment1/public
65 verbose already installed skipping typings@^0.6.8 /Users/yujun-yeong/yu/college/Semester03/COMP2068 - Advanced Web Programming/workspace/Assignment1/public
66 verbose already installed skipping @angular/common@~2.4.3 /Users/yujun-yeong/yu/college/Semester03/COMP2068 - Advanced Web Programming/workspace/Assignment1/public
67 verbose already installed skipping @angular/core@~2.4.3 /Users/yujun-yeong/yu/college/Semester03/COMP2068 - Advanced Web Programming/workspace/Assignment1/public
68 verbose already installed skipping @angular/compiler@~2.4.3 /Users/yujun-yeong/yu/college/Semester03/COMP2068 - Advanced Web Programming/workspace/Assignment1/public
69 verbose already installed skipping @angular/forms@~2.4.3 /Users/yujun-yeong/yu/college/Semester03/COMP2068 - Advanced Web Programming/workspace/Assignment1/public
70 verbose already installed skipping @angular/http@~2.4.3 /Users/yujun-yeong/yu/college/Semester03/COMP2068 - Advanced Web Programming/workspace/Assignment1/public
71 verbose already installed skipping @angular/platform-browser@~2.4.3 /Users/yujun-yeong/yu/college/Semester03/COMP2068 - Advanced Web Programming/workspace/Assignment1/public
72 verbose already installed skipping @angular/platform-browser-dynamic@~2.4.3 /Users/yujun-yeong/yu/college/Semester03/COMP2068 - Advanced Web Programming/workspace/Assignment1/public
73 verbose already installed skipping @angular/router@~3.4.3 /Users/yujun-yeong/yu/college/Semester03/COMP2068 - Advanced Web Programming/workspace/Assignment1/public
74 verbose already installed skipping @angular/upgrade@~2.4.3 /Users/yujun-yeong/yu/college/Semester03/COMP2068 - Advanced Web Programming/workspace/Assignment1/public
75 verbose already installed skipping systemjs@0.19.22 /Users/yujun-yeong/yu/college/Semester03/COMP2068 - Advanced Web Programming/workspace/Assignment1/public
76 silly install resolved []
77 info build /Users/yujun-yeong/yu/college/Semester03/COMP2068 - Advanced Web Programming/workspace/Assignment1/public
78 info linkStuff angular-quickstart@1.0.0
79 silly linkStuff angular-quickstart@1.0.0 has /Users/yujun-yeong/yu/college/Semester03/COMP2068 - Advanced Web Programming/workspace/Assignment1 as its parent node_modules
80 verbose linkBins angular-quickstart@1.0.0
81 verbose linkMans angular-quickstart@1.0.0
82 verbose rebuildBundles angular-quickstart@1.0.0
83 verbose rebuildBundles [ '.bin',
83 verbose rebuildBundles   '@angular',
83 verbose rebuildBundles   'angular-in-memory-web-api',
83 verbose rebuildBundles   'concurrently',
83 verbose rebuildBundles   'core-js',
83 verbose rebuildBundles   'lite-server',
83 verbose rebuildBundles   'reflect-metadata',
83 verbose rebuildBundles   'rxjs',
83 verbose rebuildBundles   'systemjs',
83 verbose rebuildBundles   'typescript',
83 verbose rebuildBundles   'typings',
83 verbose rebuildBundles   'zone.js' ]
84 info install angular-quickstart@1.0.0
85 info postinstall angular-quickstart@1.0.0
86 verbose unsafe-perm in lifecycle true
87 info prepublish angular-quickstart@1.0.0
88 verbose validateInstall loading /Users/yujun-yeong/yu/college/Semester03/COMP2068 - Advanced Web Programming/workspace/Assignment1/public/package.json for validation
89 verbose stack Error: The package rxjs@5.0.1 does not satisfy its siblings' peerDependencies requirements!
89 verbose stack     at /usr/local/lib/node_modules/npm/lib/install.js:125:32
89 verbose stack     at /usr/local/lib/node_modules/npm/lib/install.js:268:7
89 verbose stack     at /usr/local/lib/node_modules/npm/node_modules/read-installed/read-installed.js:142:5
89 verbose stack     at /usr/local/lib/node_modules/npm/node_modules/read-installed/read-installed.js:263:14
89 verbose stack     at cb (/usr/local/lib/node_modules/npm/node_modules/slide/lib/async-map.js:47:24)
89 verbose stack     at /usr/local/lib/node_modules/npm/node_modules/read-installed/read-installed.js:263:14
89 verbose stack     at cb (/usr/local/lib/node_modules/npm/node_modules/slide/lib/async-map.js:47:24)
89 verbose stack     at /usr/local/lib/node_modules/npm/node_modules/read-installed/read-installed.js:263:14
89 verbose stack     at cb (/usr/local/lib/node_modules/npm/node_modules/slide/lib/async-map.js:47:24)
89 verbose stack     at /usr/local/lib/node_modules/npm/node_modules/read-installed/read-installed.js:263:14
90 verbose cwd /Users/yujun-yeong/yu/college/Semester03/COMP2068 - Advanced Web Programming/workspace/Assignment1/public
91 error Darwin 15.6.0
92 error argv "/usr/local/bin/node" "/usr/local/bin/npm" "install"
93 error node v4.4.3
94 error npm  v2.15.1
95 error code EPEERINVALID
96 error peerinvalid The package rxjs@5.0.1 does not satisfy its siblings' peerDependencies requirements!
96 error peerinvalid Peer @angular/core@2.4.3 wants rxjs@^5.0.1
96 error peerinvalid Peer @angular/http@2.4.3 wants rxjs@^5.0.1
96 error peerinvalid Peer @angular/router@3.4.3 wants rxjs@^5.0.1
96 error peerinvalid Peer angular-in-memory-web-api@0.1.17 wants rxjs@5.0.0-rc.4
97 verbose exit [ 1, true ]
